<?xml version="1.0" encoding="UTF-8"?>
<!-- Generated by org.testng.reporters.JUnitReportReporter -->
<testsuite hostname="Aswin" failures="0" tests="1" name="testcases.MyFirstTest" time="9.112" errors="0" timestamp="2025-07-26T11:24:57 IST" skipped="0">
  <testcase classname="testcases.MyFirstTest" name="LoginTest" time="9.112"/>
</testsuite> <!-- testcases.MyFirstTest -->
